<?xml version="1.0" encoding="UTF-8"?>
<!-- Generated by org.testng.reporters.JUnitReportReporter -->
<testsuite hostname="DESKTOP-0HRE68P" failures="0" tests="3" name="Test_Programs.pro2" time="0.027" errors="0" timestamp="2024-05-08T08:05:43 IST" skipped="1">
  <testcase classname="Test_Programs.pro2" name="settings" time="0.022"/>
  <system-out>
    <![CDATA[settings]]>
  </system-out>
  <testcase classname="Test_Programs.pro2" name="calls" time="0.005"/>
  <system-out>
    <![CDATA[Calls]]>
  </system-out>
  <testcase classname="Test_Programs.pro2" name="chats">
    <skipped/>
  </testcase> <!-- chats -->
  <system-out/>
</testsuite> <!-- Test_Programs.pro2 -->
