<?xml version="1.0" encoding="UTF-8"?>
<!-- Generated by org.testng.reporters.JUnitReportReporter -->
<testsuite hostname="DESKTOP-0HRE68P" failures="0" tests="1" name="Facebook.Testcase3" time="9.951" errors="0" timestamp="2024-05-09T07:52:24 IST" skipped="0">
  <testcase classname="Facebook.Testcase3" name="tc3" time="9.951"/>
  <system-out>
    <![CDATA[Facebook
https://www.facebook.com/pages/create/?ref_type=registration_form]]>
  </system-out>
</testsuite> <!-- Facebook.Testcase3 -->
