<?xml version="1.0" encoding="UTF-8"?>
<!-- Generated by org.testng.reporters.JUnitReportReporter -->
<testsuite hostname="DESKTOP-0HRE68P" failures="0" tests="1" name="Test_Programs.pro0" time="0.019" errors="0" timestamp="2024-05-08T06:42:23 IST" skipped="0">
  <testcase classname="Test_Programs.pro0" name="demo" time="0.019"/>
  <system-out>
    <![CDATA[Hello java
Hello selenium]]>
  </system-out>
</testsuite> <!-- Test_Programs.pro0 -->
