<?xml version="1.0" encoding="UTF-8"?>
<!-- Generated by org.testng.reporters.JUnitReportReporter -->
<testsuite hostname="DESKTOP-0HRE68P" failures="0" tests="3" name="Facebook.parallel" time="120.249" errors="0" timestamp="2024-05-09T06:51:45 IST" skipped="0">
  <testcase classname="Facebook.parallel" name="demo" time="47.368"/>
  <system-out>
    <![CDATA[Error
https://www.facebook.com/login/?privacy_mutation_token=eyJ0eXBlIjowLCJjcmVhdGlvbl90aW1lIjoxNzE1MjE3NjY1LCJjYWxsc2l0ZV9pZCI6MzgxMjI5MDc5NTc1OTQ2fQ%3D%3D]]>
  </system-out>
  <testcase classname="Facebook.parallel" name="demo" time="25.960"/>
  <system-out>
    <![CDATA[Error
https://www.facebook.com/login/?privacy_mutation_token=eyJ0eXBlIjowLCJjcmVhdGlvbl90aW1lIjoxNzE1MjE3NjY3LCJjYWxsc2l0ZV9pZCI6MzgxMjI5MDc5NTc1OTQ2fQ%3D%3D]]>
  </system-out>
  <testcase classname="Facebook.parallel" name="demo" time="46.921"/>
  <system-out>
    <![CDATA[Error
https://www.facebook.com/login/?privacy_mutation_token=eyJ0eXBlIjowLCJjcmVhdGlvbl90aW1lIjoxNzE1MjE3NjY3LCJjYWxsc2l0ZV9pZCI6MzgxMjI5MDc5NTc1OTQ2fQ%3D%3D]]>
  </system-out>
</testsuite> <!-- Facebook.parallel -->
