<?xml version="1.0" encoding="UTF-8"?>
<!-- Generated by org.testng.reporters.JUnitReportReporter -->
<testsuite hostname="DESKTOP-0HRE68P" failures="0" tests="1" name="Facebook.testcase2" time="6.170" errors="0" timestamp="2024-05-09T07:52:24 IST" skipped="0">
  <testcase classname="Facebook.testcase2" name="tc2" time="6.170"/>
  <system-out>
    <![CDATA[Forgotten Password | Can't Log In | Facebook
https://www.facebook.com/login/identify/?ctx=recover&ars=facebook_login&from_login_screen=0]]>
  </system-out>
</testsuite> <!-- Facebook.testcase2 -->
