<?xml version="1.0" encoding="UTF-8"?>
<!-- Generated by org.testng.reporters.JUnitReportReporter -->
<testsuite hostname="DESKTOP-0HRE68P" failures="0" tests="3" name="Test_Programs.pro1" time="0.052" errors="0" timestamp="2024-05-08T07:11:25 IST" skipped="0">
  <testcase classname="Test_Programs.pro1" name="chats" time="0.027"/>
  <system-out>
    <![CDATA[chats]]>
  </system-out>
  <testcase classname="Test_Programs.pro1" name="calls" time="0.022"/>
  <system-out>
    <![CDATA[Calls]]>
  </system-out>
  <testcase classname="Test_Programs.pro1" name="settings" time="0.003"/>
  <system-out>
    <![CDATA[settings]]>
  </system-out>
</testsuite> <!-- Test_Programs.pro1 -->
